Flow report for robinsun-fpga
Mon Mar 21 04:51:23 2016
Quartus II 64-Bit Version 15.0.0 Build 145 04/22/2015 SJ Web Edition


---------------------
; Table of Contents ;
---------------------
  1. Legal Notice
  2. Flow Summary
  3. Flow Settings
  4. Flow Non-Default Global Settings
  5. Flow Elapsed Time
  6. Flow OS Summary
  7. Flow Log
  8. Flow Messages
  9. Flow Suppressed Messages



----------------
; Legal Notice ;
----------------
Copyright (C) 1991-2015 Altera Corporation. All rights reserved.
Your use of Altera Corporation's design tools, logic functions 
and other software and tools, and its AMPP partner logic 
functions, and any output files from any of the foregoing 
(including device programming or simulation files), and any 
associated documentation or information are expressly subject 
to the terms and conditions of the Altera Program License 
Subscription Agreement, the Altera Quartus II License Agreement,
the Altera MegaCore Function License Agreement, or other 
applicable license agreement, including, without limitation, 
that your use is for the sole purpose of programming logic 
devices manufactured by Altera and sold by Altera or its 
authorized distributors.  Please refer to the applicable 
agreement for further details.



+---------------------------------------------------------------------------------+
; Flow Summary                                                                    ;
+------------------------------------+--------------------------------------------+
; Flow Status                        ; Successful - Mon Mar 21 04:51:23 2016      ;
; Quartus II 64-Bit Version          ; 15.0.0 Build 145 04/22/2015 SJ Web Edition ;
; Revision Name                      ; robinsun-fpga                              ;
; Top-level Entity Name              ; robinsun_fpga                              ;
; Family                             ; Cyclone IV E                               ;
; Device                             ; EP4CE22F17C6                               ;
; Timing Models                      ; Final                                      ;
; Total logic elements               ; 4,349 / 22,320 ( 19 % )                    ;
;     Total combinational functions  ; 3,814 / 22,320 ( 17 % )                    ;
;     Dedicated logic registers      ; 1,908 / 22,320 ( 9 % )                     ;
; Total registers                    ; 1908                                       ;
; Total pins                         ; 103 / 154 ( 67 % )                         ;
; Total virtual pins                 ; 0                                          ;
; Total memory bits                  ; 352,256 / 608,256 ( 58 % )                 ;
; Embedded Multiplier 9-bit elements ; 0 / 132 ( 0 % )                            ;
; Total PLLs                         ; 0 / 4 ( 0 % )                              ;
+------------------------------------+--------------------------------------------+


+-----------------------------------------+
; Flow Settings                           ;
+-------------------+---------------------+
; Option            ; Setting             ;
+-------------------+---------------------+
; Start date & time ; 03/21/2016 04:50:12 ;
; Main task         ; Compilation         ;
; Revision Name     ; robinsun-fpga       ;
+-------------------+---------------------+


+--------------------------------------------------------------------------------------------------------------------------------------------------------------------------+
; Flow Non-Default Global Settings                                                                                                                                         ;
+--------------------------------------+--------------------------------------------------------------------------------+---------------+---------------+------------------+
; Assignment Name                      ; Value                                                                          ; Default Value ; Entity Name   ; Section Id       ;
+--------------------------------------+--------------------------------------------------------------------------------+---------------+---------------+------------------+
; COMPILER_SIGNATURE_ID                ; 190206098013766.145853221207220                                                ; --            ; --            ; --               ;
; EDA_DESIGN_INSTANCE_NAME             ; NA                                                                             ; --            ; --            ; testbench        ;
; EDA_NATIVELINK_SIMULATION_TEST_BENCH ; testbench                                                                      ; --            ; --            ; eda_simulation   ;
; EDA_OUTPUT_DATA_FORMAT               ; Verilog Hdl                                                                    ; --            ; --            ; eda_simulation   ;
; EDA_SIMULATION_TOOL                  ; ModelSim-Altera (Verilog)                                                      ; <None>        ; --            ; --               ;
; EDA_TEST_BENCH_ENABLE_STATUS         ; TEST_BENCH_MODE                                                                ; --            ; --            ; eda_simulation   ;
; EDA_TEST_BENCH_FILE                  ; testbench.sv                                                                   ; --            ; --            ; testbench        ;
; EDA_TEST_BENCH_MODULE_NAME           ; testbench                                                                      ; --            ; --            ; testbench        ;
; EDA_TEST_BENCH_NAME                  ; testbench                                                                      ; --            ; --            ; eda_simulation   ;
; EDA_TEST_BENCH_RUN_SIM_FOR           ; 500 ms                                                                         ; --            ; --            ; testbench        ;
; EDA_TIME_SCALE                       ; 1 ps                                                                           ; --            ; --            ; eda_simulation   ;
; ENABLE_SIGNALTAP                     ; On                                                                             ; --            ; --            ; --               ;
; MAX_CORE_JUNCTION_TEMP               ; 85                                                                             ; --            ; --            ; --               ;
; MIN_CORE_JUNCTION_TEMP               ; 0                                                                              ; --            ; --            ; --               ;
; PARTITION_COLOR                      ; 16764057                                                                       ; --            ; robinsun_fpga ; Top              ;
; PARTITION_FITTER_PRESERVATION_LEVEL  ; PLACEMENT_AND_ROUTING                                                          ; --            ; robinsun_fpga ; Top              ;
; PARTITION_NETLIST_TYPE               ; SOURCE                                                                         ; --            ; robinsun_fpga ; Top              ;
; POWER_BOARD_THERMAL_MODEL            ; None (CONSERVATIVE)                                                            ; --            ; --            ; --               ;
; POWER_PRESET_COOLING_SOLUTION        ; 23 MM HEAT SINK WITH 200 LFPM AIRFLOW                                          ; --            ; --            ; --               ;
; SLD_FILE                             ; db/stp1_auto_stripped.stp                                                      ; --            ; --            ; --               ;
; SLD_NODE_CREATOR_ID                  ; 110                                                                            ; --            ; --            ; auto_signaltap_0 ;
; SLD_NODE_ENTITY_NAME                 ; sld_signaltap                                                                  ; --            ; --            ; auto_signaltap_0 ;
; SLD_NODE_PARAMETER_ASSIGNMENT        ; SLD_RAM_BLOCK_TYPE=AUTO                                                        ; --            ; --            ; auto_signaltap_0 ;
; SLD_NODE_PARAMETER_ASSIGNMENT        ; SLD_NODE_INFO=805334528                                                        ; --            ; --            ; auto_signaltap_0 ;
; SLD_NODE_PARAMETER_ASSIGNMENT        ; SLD_POWER_UP_TRIGGER=0                                                         ; --            ; --            ; auto_signaltap_0 ;
; SLD_NODE_PARAMETER_ASSIGNMENT        ; SLD_STORAGE_QUALIFIER_INVERSION_MASK_LENGTH=0                                  ; --            ; --            ; auto_signaltap_0 ;
; SLD_NODE_PARAMETER_ASSIGNMENT        ; SLD_ATTRIBUTE_MEM_MODE=OFF                                                     ; --            ; --            ; auto_signaltap_0 ;
; SLD_NODE_PARAMETER_ASSIGNMENT        ; SLD_STATE_FLOW_USE_GENERATED=0                                                 ; --            ; --            ; auto_signaltap_0 ;
; SLD_NODE_PARAMETER_ASSIGNMENT        ; SLD_STATE_BITS=11                                                              ; --            ; --            ; auto_signaltap_0 ;
; SLD_NODE_PARAMETER_ASSIGNMENT        ; SLD_BUFFER_FULL_STOP=1                                                         ; --            ; --            ; auto_signaltap_0 ;
; SLD_NODE_PARAMETER_ASSIGNMENT        ; SLD_CURRENT_RESOURCE_WIDTH=1                                                   ; --            ; --            ; auto_signaltap_0 ;
; SLD_NODE_PARAMETER_ASSIGNMENT        ; SLD_INCREMENTAL_ROUTING=1                                                      ; --            ; --            ; auto_signaltap_0 ;
; SLD_NODE_PARAMETER_ASSIGNMENT        ; SLD_TRIGGER_LEVEL=1                                                            ; --            ; --            ; auto_signaltap_0 ;
; SLD_NODE_PARAMETER_ASSIGNMENT        ; SLD_TRIGGER_IN_ENABLED=0                                                       ; --            ; --            ; auto_signaltap_0 ;
; SLD_NODE_PARAMETER_ASSIGNMENT        ; SLD_TRIGGER_LEVEL_PIPELINE=1                                                   ; --            ; --            ; auto_signaltap_0 ;
; SLD_NODE_PARAMETER_ASSIGNMENT        ; SLD_ENABLE_ADVANCED_TRIGGER=1                                                  ; --            ; --            ; auto_signaltap_0 ;
; SLD_NODE_PARAMETER_ASSIGNMENT        ; SLD_INVERSION_MASK=000000000000000000000000000                                 ; --            ; --            ; auto_signaltap_0 ;
; SLD_NODE_PARAMETER_ASSIGNMENT        ; SLD_INVERSION_MASK_LENGTH=27                                                   ; --            ; --            ; auto_signaltap_0 ;
; SLD_NODE_PARAMETER_ASSIGNMENT        ; SLD_SEGMENT_SIZE=8192                                                          ; --            ; --            ; auto_signaltap_0 ;
; SLD_NODE_PARAMETER_ASSIGNMENT        ; SLD_SAMPLE_DEPTH=8192                                                          ; --            ; --            ; auto_signaltap_0 ;
; SLD_NODE_PARAMETER_ASSIGNMENT        ; SLD_DATA_BITS=43                                                               ; --            ; --            ; auto_signaltap_0 ;
; SLD_NODE_PARAMETER_ASSIGNMENT        ; SLD_TRIGGER_BITS=43                                                            ; --            ; --            ; auto_signaltap_0 ;
; SLD_NODE_PARAMETER_ASSIGNMENT        ; SLD_STORAGE_QUALIFIER_BITS=43                                                  ; --            ; --            ; auto_signaltap_0 ;
; SLD_NODE_PARAMETER_ASSIGNMENT        ; SLD_ADVANCED_TRIGGER_ENTITY=sld_reserved_robinsun_fpga_auto_signaltap_0_1_70e, ; --            ; --            ; auto_signaltap_0 ;
; TOP_LEVEL_ENTITY                     ; robinsun_fpga                                                                  ; robinsun-fpga ; --            ; --               ;
; USE_SIGNALTAP_FILE                   ; stp1.stp                                                                       ; --            ; --            ; --               ;
+--------------------------------------+--------------------------------------------------------------------------------+---------------+---------------+------------------+


+-------------------------------------------------------------------------------------------------------------------------------+
; Flow Elapsed Time                                                                                                             ;
+---------------------------+--------------+-------------------------+---------------------+------------------------------------+
; Module Name               ; Elapsed Time ; Average Processors Used ; Peak Virtual Memory ; Total CPU Time (on all processors) ;
+---------------------------+--------------+-------------------------+---------------------+------------------------------------+
; Analysis & Synthesis      ; 00:00:24     ; 1.0                     ; 794 MB              ; 00:00:50                           ;
; Fitter                    ; 00:00:23     ; 2.2                     ; 1576 MB             ; 00:00:37                           ;
; Assembler                 ; 00:00:01     ; 1.0                     ; 650 MB              ; 00:00:02                           ;
; TimeQuest Timing Analyzer ; 00:00:05     ; 1.0                     ; 822 MB              ; 00:00:06                           ;
; EDA Netlist Writer        ; 00:00:06     ; 1.0                     ; 643 MB              ; 00:00:05                           ;
; Total                     ; 00:00:59     ; --                      ; --                  ; 00:01:40                           ;
+---------------------------+--------------+-------------------------+---------------------+------------------------------------+


+----------------------------------------------------------------------------------------+
; Flow OS Summary                                                                        ;
+---------------------------+------------------+-----------+------------+----------------+
; Module Name               ; Machine Hostname ; OS Name   ; OS Version ; Processor type ;
+---------------------------+------------------+-----------+------------+----------------+
; Analysis & Synthesis      ; PGREINER         ; Windows 7 ; 6.2        ; x86_64         ;
; Fitter                    ; PGREINER         ; Windows 7 ; 6.2        ; x86_64         ;
; Assembler                 ; PGREINER         ; Windows 7 ; 6.2        ; x86_64         ;
; TimeQuest Timing Analyzer ; PGREINER         ; Windows 7 ; 6.2        ; x86_64         ;
; EDA Netlist Writer        ; PGREINER         ; Windows 7 ; 6.2        ; x86_64         ;
+---------------------------+------------------+-----------+------------+----------------+


------------
; Flow Log ;
------------
quartus_map --read_settings_files=on --write_settings_files=off robinsun-fpga -c robinsun-fpga
quartus_fit --read_settings_files=off --write_settings_files=off robinsun-fpga -c robinsun-fpga
quartus_asm --read_settings_files=off --write_settings_files=off robinsun-fpga -c robinsun-fpga
quartus_sta robinsun-fpga -c robinsun-fpga
quartus_eda --read_settings_files=off --write_settings_files=off robinsun-fpga -c robinsun-fpga



